<?xml version="1.0" encoding="UTF-8"?>
<testng-results skipped="0" failed="0" total="1" passed="1">
  <reporter-output>
  </reporter-output>
  <suite name="Default suite" duration-ms="24544" started-at="2016-04-10T17:37:58Z" finished-at="2016-04-10T17:38:22Z">
    <groups>
    </groups>
    <test name="Default test" duration-ms="24544" started-at="2016-04-10T17:37:58Z" finished-at="2016-04-10T17:38:22Z">
      <class name="testcases.ExecuteTest">
        <test-method status="PASS" signature="beforeTest()[pri:0, instance:testcases.ExecuteTest@968a59]" name="beforeTest" is-config="true" duration-ms="7313" started-at="2016-04-10T23:07:58Z" finished-at="2016-04-10T23:08:05Z">
          <reporter-output>
          </reporter-output>
        </test-method> <!-- beforeTest -->
        <test-method status="PASS" signature="testEasy()[pri:0, instance:testcases.ExecuteTest@968a59]" name="testEasy" duration-ms="15741" started-at="2016-04-10T23:08:05Z" finished-at="2016-04-10T23:08:21Z">
          <reporter-output>
          </reporter-output>
        </test-method> <!-- testEasy -->
        <test-method status="PASS" signature="afterTest()[pri:0, instance:testcases.ExecuteTest@968a59]" name="afterTest" is-config="true" duration-ms="1475" started-at="2016-04-10T23:08:21Z" finished-at="2016-04-10T23:08:22Z">
          <reporter-output>
          </reporter-output>
        </test-method> <!-- afterTest -->
      </class> <!-- testcases.ExecuteTest -->
    </test> <!-- Default test -->
  </suite> <!-- Default suite -->
</testng-results>
